==========================================
SLURM_CLUSTER_NAME = param-brahma
SLURM_ARRAY_JOB_ID = 
SLURM_ARRAY_TASK_ID = 
SLURM_ARRAY_TASK_COUNT = 
SLURM_ARRAY_TASK_MAX = 
SLURM_ARRAY_TASK_MIN = 
SLURM_JOB_ACCOUNT = apte
SLURM_JOB_ID = 7239233
SLURM_JOB_NAME = cpu_gpu_comparison
SLURM_JOB_NODELIST = gpu019
SLURM_JOB_USER = hrishikeshnk
SLURM_JOB_UID = 7324
SLURM_JOB_PARTITION = standard
SLURM_TASK_PID = 42441
SLURM_SUBMIT_DIR = /home/hrishikeshnk/github.copy/deepxde
SLURM_CPUS_ON_NODE = 10
SLURM_NTASKS = 
SLURM_TASK_PID = 42441
==========================================
ERROR: This cross-compiler package contains no program /home/apps/DL-Conda-Py3.7/bin/x86_64-conda_cos6-linux-gnu-ld
ERROR: deactivate-binutils_linux-64.sh failed, see above for details
ERROR: This cross-compiler package contains no program /home/apps/DL-Conda-Py3.7/bin/x86_64-conda_cos6-linux-gnu-ld
ERROR: activate-binutils_linux-64.sh failed, see above for details
No devices were found
ERROR: This cross-compiler package contains no program /home/apps/DL-Conda-Py3.7/bin/x86_64-conda_cos6-linux-gnu-ld
ERROR: deactivate-binutils_linux-64.sh failed, see above for details

     active environment : deepxde
    active env location : /home/hrishikeshnk/.conda/envs/deepxde
            shell level : 2
       user config file : /home/hrishikeshnk/.condarc
 populated config files : 
          conda version : 22.11.1
    conda-build version : not installed
         python version : 3.7.7.final.0
       virtual packages : __archspec=1=x86_64
                          __glibc=2.17=0
                          __linux=3.10.0=0
                          __unix=0=0
       base environment : /home/apps/DL-Conda-Py3.7  (read only)
      conda av data dir : /home/apps/DL-Conda-Py3.7/etc/conda
  conda av metadata url : None
           channel URLs : https://repo.anaconda.com/pkgs/main/linux-64
                          https://repo.anaconda.com/pkgs/main/noarch
                          https://repo.anaconda.com/pkgs/r/linux-64
                          https://repo.anaconda.com/pkgs/r/noarch
          package cache : /home/apps/DL-Conda-Py3.7/pkgs
                          /home/hrishikeshnk/.conda/pkgs
       envs directories : /home/hrishikeshnk/.conda/envs
                          /home/apps/DL-Conda-Py3.7/envs
               platform : linux-64
             user-agent : conda/22.11.1 requests/2.31.0 CPython/3.7.7 Linux/3.10.0-957.el7.x86_64 centos/7.6.1810 glibc/2.17
                UID:GID : 7324:7324
             netrc file : None
           offline mode : False

Using backend: pytorch

Compiling model...
'compile' took 0.000170 s

Training model...

Step      Train loss    Test loss     Test metric
0         [9.30e-01]    [9.30e-01]    []  
1000      [1.52e-01]    [1.52e-01]    []  
2000      [5.31e-02]    [5.31e-02]    []  
3000      [2.00e-02]    [2.00e-02]    []  
4000      [1.38e-02]    [1.38e-02]    []  
5000      [1.16e-02]    [1.16e-02]    []  
6000      [1.02e-02]    [1.02e-02]    []  
7000      [9.29e-03]    [9.29e-03]    []  
8000      [8.58e-03]    [8.58e-03]    []  
9000      [7.96e-03]    [7.96e-03]    []  
10000     [7.46e-03]    [7.46e-03]    []  
11000     [7.12e-03]    [7.12e-03]    []  
12000     [6.78e-03]    [6.78e-03]    []  
13000     [7.06e-03]    [7.06e-03]    []  
14000     [6.53e-03]    [6.53e-03]    []  
15000     [6.26e-03]    [6.26e-03]    []  
16000     [6.10e-03]    [6.10e-03]    []  
17000     [6.31e-03]    [6.31e-03]    []  
18000     [5.91e-03]    [5.91e-03]    []  
19000     [5.81e-03]    [5.81e-03]    []  
20000     [5.68e-03]    [5.68e-03]    []  
21000     [5.60e-03]    [5.60e-03]    []  
22000     [5.59e-03]    [5.59e-03]    []  
23000     [5.49e-03]    [5.49e-03]    []  
24000     [5.65e-03]    [5.65e-03]    []  
25000     [6.07e-03]    [6.07e-03]    []  
26000     [5.92e-03]    [5.92e-03]    []  
27000     [5.24e-03]    [5.24e-03]    []  
28000     [5.09e-03]    [5.09e-03]    []  
29000     [5.01e-03]    [5.01e-03]    []  
30000     [4.80e-03]    [4.80e-03]    []  
31000     [4.57e-03]    [4.57e-03]    []  
32000     [4.38e-03]    [4.38e-03]    []  
33000     [4.20e-03]    [4.20e-03]    []  
34000     [4.01e-03]    [4.01e-03]    []  
35000     [3.83e-03]    [3.83e-03]    []  
36000     [3.69e-03]    [3.69e-03]    []  
37000     [3.57e-03]    [3.57e-03]    []  
38000     [3.45e-03]    [3.45e-03]    []  
39000     [4.48e-03]    [4.48e-03]    []  
40000     [3.20e-03]    [3.20e-03]    []  

Best model at step 40000:
  train loss: 3.20e-03
  test loss: 3.20e-03
  test metric: []

'train' took 449.569702 s

Compiling model...
'compile' took 0.000180 s

Training model...

Step      Train loss    Test loss     Test metric
40000     [3.20e-03]    [3.20e-03]    []  
41000     [8.48e-04]    [8.48e-04]    []  
42000     [2.14e-04]    [2.14e-04]    []  
43000     [1.14e-04]    [1.14e-04]    []  
44000     [6.50e-05]    [6.50e-05]    []  
45000     [4.26e-05]    [4.26e-05]    []  
46000     [2.93e-05]    [2.93e-05]    []  
47000     [2.26e-05]    [2.26e-05]    []  
slurmstepd: error: *** JOB 7239233 ON gpu019 CANCELLED AT 2024-06-17T15:21:16 DUE TO TIME LIMIT ***
